<?xml version='1.0' encoding='UTF-8'?>
<testsuite hostname="fa-aitran-2.local" name="AirportCoverageSpec" tests="1" errors="0" failures="0" skipped="0" time="0.008" timestamp="2021-02-02T22:32:28">
                     <properties>
[...]
</properties>
                     <testcase classname="AirportCoverageSpec" name="Hello should start with H" time="0.008">
                                                 
                                               </testcase>
                     <system-out><![CDATA[]]></system-out>
                     <system-err><![CDATA[]]></system-err>
                   </testsuite>